<?xml version="1.0" encoding="UTF-8"?>
<testng-results ignored="0" total="1" passed="1" failed="0" skipped="0">
  <reporter-output>
  </reporter-output>
  <suite started-at="2022-07-18T23:08:22 IST" name="Default suite" finished-at="2022-07-18T23:08:23 IST" duration-ms="1961">
    <groups>
    </groups>
    <test started-at="2022-07-18T23:08:22 IST" name="Default test" finished-at="2022-07-18T23:08:23 IST" duration-ms="1961">
      <class name="MadhaviPractice.SeleniumwithCucumber.BDDRunner">
        <test-method is-config="true" signature="setUp()[pri:0, instance:MadhaviPractice.SeleniumwithCucumber.BDDRunner@7e990ed7]" started-at="2022-07-18T23:08:22 IST" name="setUp" finished-at="2022-07-18T23:08:22 IST" duration-ms="152" status="PASS">
          <reporter-output>
          </reporter-output>
        </test-method> <!-- setUp -->
        <test-method signature="test()[pri:0, instance:MadhaviPractice.SeleniumwithCucumber.BDDRunner@7e990ed7]" started-at="2022-07-18T23:08:22 IST" name="test" finished-at="2022-07-18T23:08:22 IST" duration-ms="6" status="PASS">
          <reporter-output>
          </reporter-output>
        </test-method> <!-- test -->
        <test-method is-config="true" signature="tearUp()[pri:0, instance:MadhaviPractice.SeleniumwithCucumber.BDDRunner@7e990ed7]" started-at="2022-07-18T23:08:22 IST" name="tearUp" finished-at="2022-07-18T23:08:23 IST" duration-ms="1774" status="PASS">
          <reporter-output>
          </reporter-output>
        </test-method> <!-- tearUp -->
      </class> <!-- MadhaviPractice.SeleniumwithCucumber.BDDRunner -->
    </test> <!-- Default test -->
  </suite> <!-- Default suite -->
</testng-results>
